  "vinVum": "ASDFASDOK",
  "uuid": "asdfasdok",
  "vehicleCode": "VF8",
  "vehicleColor": "WHTE",
  "setingIndex": 2
}
[6/22/2022, 12:17:05 AM] [ NEW CAR ] :{
  "vinVum": "RLLV4HRGNV003382",
  "uuid": "ABu6ngAzgmKxmqEA",
  "vehicleCode": "VF34",
  "vehicleColor": "WHA.",
  "setingIndex": 1
}
[6/22/2022, 12:26:56 AM] [ NEW CAR ] :{
  "vinVum": "RLLV4HRGNV003025",
  "uuid": "ABu6ngAwJWKxnO8A",
  "vehicleCode": "VF34",
  "vehicleColor": "BLE.",
  "setingIndex": 1
}
[6/22/2022, 12:28:30 AM] [ NEW CAR ] :{
  "vinVum": "RLLV4HRGNV002851",
  "uuid": "ABu6ngAoUWKxnU4A",
  "vehicleCode": "VF34",
  "vehicleColor": "BLE.",
  "setingIndex": 1
}
[6/22/2022, 12:30:02 AM] [ NEW CAR ] :{
  "vinVum": "RLLV4HRGNV003382",
  "uuid": "ABu6ngAzgmKxnaoA",
  "vehicleCode": "VF34",
  "vehicleColor": "WHA.",
  "setingIndex": 1
}
[6/22/2022, 12:51:59 AM] [ NEW CAR ] :{
  "vinVum": "RLLV4HRGNV002851",
  "uuid": "ABu6ngAoUWKxos8A",
  "vehicleCode": "VF34",
  "vehicleColor": "BLE.",
  "setingIndex": 1
}
[6/22/2022, 12:53:58 AM] [ NEW CAR ] :{
  "vinVum": "RLLV4HRGNV003025",
  "uuid": "ABu6ngAwJWKxo0YA",
  "vehicleCode": "VF34",
  "vehicleColor": "BLE.",
  "setingIndex": 1
}
[6/22/2022, 12:55:40 AM] [ NEW CAR ] :{
  "vinVum": "RLLV4HRGNV003382",
  "uuid": "ABu6ngAzgmKxo6wA",
  "vehicleCode": "VF34",
  "vehicleColor": "WHA.",
  "setingIndex": 1
}
[6/22/2022, 12:57:48 AM] [ NEW CAR ] :{
  "vinVum": "RLLV4HRGNV002851",
  "uuid": "ABu6ngAoUWKxpCwA",
  "vehicleCode": "VF34",
  "vehicleColor": "BLE.",
  "setingIndex": 1
}
[6/22/2022, 1:05:36 AM] [ NEW CAR ] :{
  "vinVum": "RLLV4HRGNV003025",
  "uuid": "ABu6ngAwJWKxpgAA",
  "vehicleCode": "VF34",
  "vehicleColor": "BLE.",
  "setingIndex": 1
}
[6/22/2022, 1:07:07 AM] [ NEW CAR ] :{
  "vinVum": "RLLV4HRGNV003382",
  "uuid": "ABu6ngAzgmKxplsA",
  "vehicleCode": "VF34",
  "vehicleColor": "WHA.",
  "setingIndex": 1
}
[6/22/2022, 1:08:41 AM] [ NEW CAR ] :{
  "vinVum": "RLLV4HRGNV002851",
  "uuid": "ABu6ngAoUWKxprkA",
  "vehicleCode": "VF34",
  "vehicleColor": "BLE.",
  "setingIndex": 1
}
[6/22/2022, 1:32:43 AM] [ NEW CAR ] :{
  "vinVum": "RLLV4HRGNV003025",
  "uuid": "ABu6ngAwJWKxrFsA",
  "vehicleCode": "VF34",
  "vehicleColor": "BLE.",
  "setingIndex": 1
}
[6/22/2022, 1:34:19 AM] [ NEW CAR ] :{
  "vinVum": "RLLV4HRGNV003382",
  "uuid": "ABu6ngAzgmKxrLoA",
  "vehicleCode": "VF34",
  "vehicleColor": "WHA.",
  "setingIndex": 1
}
[6/22/2022, 1:53:39 AM] [ NEW CAR ] :{
  "vinVum": "RLLV4HRGNV003382",
  "uuid": "ABu6ngAzgmKxsUMA",
  "vehicleCode": "VF34",
  "vehicleColor": "WHA.",
  "setingIndex": 1
}
[6/22/2022, 1:55:15 AM] [ NEW CAR ] :{
  "vinVum": "RLLV4HRGNV002851",
  "uuid": "ABu6ngAoUWKxsaMA",
  "vehicleCode": "VF34",
  "vehicleColor": "BLE.",
  "setingIndex": 1
}
[6/22/2022, 2:04:35 AM] [ NEW CAR ] :{
  "vinVum": "RLLV4HRGNV003382",
  "uuid": "ABu6ngAzgmKxs9MA",
  "vehicleCode": "VF34",
  "vehicleColor": "WHA.",
  "setingIndex": 1
}
[6/22/2022, 2:06:09 AM] [ NEW CAR ] :{
  "vinVum": "RLLV4HRGNV002851",
  "uuid": "ABu6ngAoUWKxtDEA",
  "vehicleCode": "VF34",
  "vehicleColor": "BLE.",
  "setingIndex": 1
}
[6/22/2022, 2:13:11 AM] [ NEW CAR ] :{
  "vinVum": "RLLV4HRGNV003382",
  "uuid": "ABu6ngAzgmKxtdcA",
  "vehicleCode": "VF34",
  "vehicleColor": "WHA.",
  "setingIndex": 1
}
[6/22/2022, 2:20:27 AM] [ NEW CAR ] :{
  "vinVum": "RLLV4HRGNV003382",
  "uuid": "ABu6ngAzgmKxt4sA",
  "vehicleCode": "VF34",
  "vehicleColor": "WHA.",
  "setingIndex": 1
}
[6/22/2022, 2:27:28 AM] [ NEW CAR ] :{
  "vinVum": "RLLV4HRGNV002851",
  "uuid": "ABu6ngAoUWKxuTAA",
  "vehicleCode": "VF34",
  "vehicleColor": "BLE.",
  "setingIndex": 1
}
[6/22/2022, 2:56:12 AM] [ NEW CAR ] :{
  "vinVum": "RLLV4HRGNV002851",
  "uuid": "ABu6ngAoUWKxv-wA",
  "vehicleCode": "VF34",
  "vehicleColor": "BLE.",
  "setingIndex": 1
}
[6/22/2022, 3:18:31 AM] [ NEW CAR ] :{
  "vinVum": "RLLV4HRGNV003382",
  "uuid": "ABu6ngAzgmKxxScA",
  "vehicleCode": "VF34",
  "vehicleColor": "WHA.",
  "setingIndex": 1
}
[6/22/2022, 3:22:54 AM] [ NEW CAR ] :{
  "vinVum": "RLLV4HRGNV003028",
  "uuid": "ABu6ngAwKGKxxi4A",
  "vehicleCode": "VF34",
  "vehicleColor": "BLE.",
  "setingIndex": 1
}
[6/22/2022, 3:27:04 AM] [ NEW CAR ] :{
  "vinVum": "RLLV4HRGNV003023",
  "uuid": "ABu6ngAwI2KxxygA",
  "vehicleCode": "VF34",
  "vehicleColor": "WHA.",
  "setingIndex": 1
}
[6/22/2022, 3:28:28 AM] [ NEW CAR ] :{
  "vinVum": "RLLV4HRGNV003028",
  "uuid": "ABu6ngAwKGKxx3wA",
  "vehicleCode": "VF34",
  "vehicleColor": "BLE.",
  "setingIndex": 1
}
[6/22/2022, 3:44:39 AM] [ NEW CAR ] :{
  "vinVum": "RLLV4HRGNV003028",
  "uuid": "ABu6ngAwKGKxy0cA",
  "vehicleCode": "VF34",
  "vehicleColor": "BLE.",
  "setingIndex": 1
}
[6/22/2022, 3:50:44 AM] [ NEW CAR ] :{
  "vinVum": "RLLV4HRGNV003023",
  "uuid": "ABu6ngAwI2KxzLQA",
  "vehicleCode": "VF34",
  "vehicleColor": "WHA.",
  "setingIndex": 1
}
[6/22/2022, 3:52:27 AM] [ NEW CAR ] :{
  "vinVum": "RLLV4HRGNV003028",
  "uuid": "ABu6ngAwKGKxzRsA",
  "vehicleCode": "VF34",
  "vehicleColor": "BLE.",
  "setingIndex": 1
}
[6/22/2022, 4:02:53 AM] [ NEW CAR ] :{
  "vinVum": "RLLV4HRGNV003023",
  "uuid": "ABu6ngAwI2Kxz40A",
  "vehicleCode": "VF34",
  "vehicleColor": "WHA.",
  "setingIndex": 1
}
[6/22/2022, 4:06:59 AM] [ NEW CAR ] :{
  "vinVum": "RLLV4HRGNV003028",
  "uuid": "ABu6ngAwKGKx0IMA",
  "vehicleCode": "VF34",
  "vehicleColor": "BLE.",
  "setingIndex": 1
}
[6/22/2022, 4:08:45 AM] [ NEW CAR ] :{
  "vinVum": "RLLV4HRGNV003023",
  "uuid": "ABu6ngAwI2Kx0OwA",
  "vehicleCode": "VF34",
  "vehicleColor": "WHA.",
  "setingIndex": 1
}
[6/22/2022, 4:10:19 AM] [ NEW CAR ] :{
  "vinVum": "RLLV4HRGNV003025",
  "uuid": "ABu6ngAwJWKx0UsA",
  "vehicleCode": "VF34",
  "vehicleColor": "BLE.",
  "setingIndex": 1
}
[6/22/2022, 4:18:25 AM] [ NEW CAR ] :{
  "vinVum": "RLLV4HRGNV003028",
  "uuid": "ABu6ngAwKGKx0zEA",
  "vehicleCode": "VF34",
  "vehicleColor": "BLE.",
  "setingIndex": 1
}
[6/22/2022, 4:20:01 AM] [ NEW CAR ] :{
  "vinVum": "RLLV4HRGNV003023",
  "uuid": "ABu6ngAwI2Kx05EA",
  "vehicleCode": "VF34",
  "vehicleColor": "WHA.",
  "setingIndex": 1
}
[6/22/2022, 4:21:22 AM] [ NEW CAR ] :{
  "vinVum": "RLLV4HRGNV003025",
  "uuid": "ABu6ngAwJWKx0-IA",
  "vehicleCode": "VF34",
  "vehicleColor": "BLE.",
  "setingIndex": 1
}
[6/22/2022, 4:33:45 AM] [ NEW CAR ] :{
  "vinVum": "RLLV4HRGNV003023",
  "uuid": "ABu6ngAwI2Kx1skA",
  "vehicleCode": "VF34",
  "vehicleColor": "WHA.",
  "setingIndex": 1
}
[6/22/2022, 5:11:29 AM] [ NEW CAR ] :{
  "vinVum": "RLLV4HRGNV003023",
  "uuid": "ABu6ngAwI2Kx36EA",
  "vehicleCode": "VF34",
  "vehicleColor": "WHA.",
  "setingIndex": 1
}
[6/22/2022, 6:53:33 AM] [ NEW CAR ] :{
  "vinVum": "RLLV4HRGNV003025",
  "uuid": "ABu6ngAwJWKx940A",
  "vehicleCode": "VF34",
  "vehicleColor": "BLE.",
  "setingIndex": 1
}
[6/22/2022, 7:13:35 AM] [ NEW CAR ] :{
  "vinVum": "RLLV4HRGNV003024",
  "uuid": "ABu6ngAwJGKx_D8A",
  "vehicleCode": "VF34",
  "vehicleColor": "WHA.",
  "setingIndex": 1
}
[6/22/2022, 7:15:19 AM] [ NEW CAR ] :{
  "vinVum": "RLLV4HRGNV003021",
  "uuid": "ABu6ngAwIWKx_KcA",
  "vehicleCode": "VF34",
  "vehicleColor": "BLE.",
  "setingIndex": 1
}
[6/22/2022, 7:19:09 AM] [ NEW CAR ] :{
  "vinVum": "RLLV4HRGNV003021",
  "uuid": "ABu6ngAwIWKx_Y0A",
  "vehicleCode": "VF34",
  "vehicleColor": "BLE.",
  "setingIndex": 1
}
[6/22/2022, 7:21:29 AM] [ NEW CAR ] :{
  "vinVum": "RLLV4HRGNV003047",
  "uuid": "ABu6ngAwR2Kx_hkA",
  "vehicleCode": "VF34",
  "vehicleColor": "WHA.",
  "setingIndex": 1
}
[6/22/2022, 7:26:50 AM] [ NEW CAR ] :{
  "vinVum": "RLLV4HRGNV003024",
  "uuid": "ABu6ngAwJGKx_1oA",
  "vehicleCode": "VF34",
  "vehicleColor": "WHA.",
  "setingIndex": 1
}
[6/22/2022, 7:28:52 AM] [ NEW CAR ] :{
  "vinVum": "RLLV4HRGNV003021",
  "uuid": "ABu6ngAwIWKx_9QA",
  "vehicleCode": "VF34",
  "vehicleColor": "BLE.",
  "setingIndex": 1
}
[6/22/2022, 7:36:29 AM] [ NEW CAR ] :{
  "vinVum": "RLLV4HRGNV003047",
  "uuid": "ABu6ngAwR2KyAZ0A",
  "vehicleCode": "VF34",
  "vehicleColor": "WHA.",
  "setingIndex": 1
}
[6/22/2022, 7:37:50 AM] [ NEW CAR ] :{
  "vinVum": "RLLV4HRGNV003024",
  "uuid": "ABu6ngAwJGKyAe4A",
  "vehicleCode": "VF34",
  "vehicleColor": "WHA.",
  "setingIndex": 1
}
[6/22/2022, 7:39:41 AM] [ NEW CAR ] :{
  "vinVum": "ASDFASDOK",
  "uuid": "asdfasdok",
  "vehicleCode": "VF8",
  "vehicleColor": "WHTE",
  "setingIndex": 2
}
[6/22/2022, 7:44:23 AM] [ NEW CAR ] :{
  "vinVum": "RLLV4HRGNV003047",
  "uuid": "ABu6ngAwR2KyA3cA",
  "vehicleCode": "VF34",
  "vehicleColor": "WHA.",
  "setingIndex": 1
}
[6/22/2022, 8:06:46 AM] [ NEW CAR ] :{
  "vinVum": "RLLV4HRGNV003014",
  "uuid": "ABu6ngAwFGKyCLYA",
  "vehicleCode": "VF34",
  "vehicleColor": "WHA.",
  "setingIndex": 1
}
[6/22/2022, 1:50:48 PM] [ NEW CAR ] :{
  "vinVum": "RLLV4HRGNV002874",
  "uuid": "ABu6ngAodGKyWVgA",
  "vehicleCode": "VF34",
  "vehicleColor": "REC.",
  "setingIndex": 1
}
[6/22/2022, 1:57:29 PM] [ NEW CAR ] :{
  "vinVum": "RLLV4HRGNV003535",
  "uuid": "ABu6ngA1NWKyWukA",
  "vehicleCode": "VF34",
  "vehicleColor": "WHA.",
  "setingIndex": 1
}
[6/22/2022, 2:11:39 PM] [ NEW CAR ] :{
  "vinVum": "RLLV4HRGNV002874",
  "uuid": "ABu6ngAodGKyXjsA",
  "vehicleCode": "VF34",
  "vehicleColor": "BLE.",
  "setingIndex": 1
}
[6/22/2022, 2:24:20 PM] [ NEW CAR ] :{
  "vinVum": "RLLV4HRGNV003374",
  "uuid": "ABu6ngAzdGKyYTQA",
  "vehicleCode": "VF34",
  "vehicleColor": "WHA.",
  "setingIndex": 1
}
[6/22/2022, 2:31:28 PM] [ NEW CAR ] :{
  "vinVum": "RLLV4HRGNV003028",
  "uuid": "ABu6ngAwKGKyYuAA",
  "vehicleCode": "VF34",
  "vehicleColor": "BLE.",
  "setingIndex": 1
}
[6/22/2022, 2:52:02 PM] [ NEW CAR ] :{
  "vinVum": "RLLV4HRGNV002955",
  "uuid": "ABu6ngApVWKyZ7IA",
  "vehicleCode": "VF34",
  "vehicleColor": "REC.",
  "setingIndex": 1
}
[6/22/2022, 2:53:33 PM] [ NEW CAR ] :{
  "vinVum": "RLLV4HRGNV002952",
  "uuid": "ABu6ngApUmKyaA0A",
  "vehicleCode": "VF34",
  "vehicleColor": "GNB.",
  "setingIndex": 1
}
[6/22/2022, 3:19:00 PM] [ NEW CAR ] :{
  "vinVum": "RLLV4HRGNV003024",
  "uuid": "ABu6ngAwJGKybgQA",
  "vehicleCode": "VF34",
  "vehicleColor": "WHA.",
  "setingIndex": 1
}
[6/22/2022, 3:24:34 PM] [ NEW CAR ] :{
  "vinVum": "RLLV4HRGNV002962",
  "uuid": "ABu6ngApYmKyb1IA",
  "vehicleCode": "VF34",
  "vehicleColor": "GNB.",
  "setingIndex": 1
}
[6/22/2022, 3:40:27 PM] [ NEW CAR ] :{
  "vinVum": "RLLV4HRGNV003242",
  "uuid": "ABu6ngAyQmKycwsA",
  "vehicleCode": "VF34",
  "vehicleColor": "REC.",
  "setingIndex": 1
}
[6/22/2022, 3:42:02 PM] [ NEW CAR ] :{
  "vinVum": "RLLV4HRGNV002967",
  "uuid": "ABu6ngApZ2Kyc2oA",
  "vehicleCode": "VF34",
  "vehicleColor": "BKA.",
  "setingIndex": 1
}
[6/22/2022, 4:16:37 PM] [ NEW CAR ] :{
  "vinVum": "RLLV4HRGNV002948",
  "uuid": "ABu6ngApSGKye4UA",
  "vehicleCode": "VF34",
  "vehicleColor": "REC.",
  "setingIndex": 1
}
[6/22/2022, 4:24:11 PM] [ NEW CAR ] :{
  "vinVum": "RLLV4HRGNV003555",
  "uuid": "ABu6ngA1VWKyfUsA",
  "vehicleCode": "VF34",
  "vehicleColor": "WHA.",
  "setingIndex": 1
}
[6/22/2022, 4:27:17 PM] [ NEW CAR ] :{
  "vinVum": "RLLV4HRGNV003025",
  "uuid": "ABu6ngAwJWKyfgUA",
  "vehicleCode": "VF34",
  "vehicleColor": "REC.",
  "setingIndex": 1
}