
[6/11/2022, 10:08:04 PM] [ ERROR LOG ] : true 
[6/11/2022, 10:08:04 PM] [ ERROR LOG ] : true 
[6/11/2022, 10:09:54 PM] [ ERROR LOG ] : true 
[6/11/2022, 10:09:54 PM] [ ERROR LOG ] : true 
[6/14/2022, 4:23:55 PM] [ ERROR LOG ] : undefined 
[6/14/2022, 4:24:30 PM] [ ERROR LOG ] : undefined 
[6/14/2022, 4:25:00 PM] [ ERROR LOG ] : undefined 
[6/14/2022, 4:26:45 PM] [ ERROR LOG ] : undefined 
[6/14/2022, 4:27:08 PM] [ ERROR LOG ] : undefined 
[6/14/2022, 4:28:24 PM] [ ERROR LOG ] : undefined 
[6/14/2022, 4:36:14 PM] [ ERROR LOG ] : undefined 
[6/14/2022, 4:36:44 PM] [ ERROR LOG ] : undefined 
[6/14/2022, 4:36:53 PM] [ ERROR LOG ] : undefined 
[6/14/2022, 4:37:17 PM] [ ERROR LOG ] : undefined 
[6/14/2022, 4:40:05 PM] [ ERROR LOG ] : undefined 
[6/14/2022, 4:40:26 PM] [ ERROR LOG ] : undefined 
[6/14/2022, 4:41:55 PM] [ ERROR LOG ] : undefined 
[6/14/2022, 4:42:05 PM] [ ERROR LOG ] : undefined 
[6/14/2022, 4:42:53 PM] [ ERROR LOG ] : undefined 
[6/14/2022, 4:43:32 PM] [ ERROR LOG ] : undefined 
[6/14/2022, 4:45:38 PM] [ ERROR LOG ] : undefined 
[6/14/2022, 4:46:40 PM] [ ERROR LOG ] : undefined 
[6/14/2022, 7:38:59 PM] [ ERROR LOG ] : undefined 
[6/14/2022, 7:42:19 PM] [ ERROR LOG ] : {
  "source": "Plc Block Ready Error",
  "description": "Car Info Write Error"
} 
[6/14/2022, 7:53:20 PM] [ ERROR LOG ] : "Read from plc error" 
[6/14/2022, 7:53:47 PM] [ ERROR LOG ] : undefined 
[6/14/2022, 7:54:23 PM] [ ERROR LOG ] : undefined 
[6/14/2022, 7:54:30 PM] [ ERROR LOG ] : undefined 
[6/14/2022, 7:55:02 PM] [ ERROR LOG ] : undefined 
[6/14/2022, 7:55:26 PM] [ ERROR LOG ] : undefined 
[6/14/2022, 7:56:43 PM] [ ERROR LOG ] : undefined 
[6/14/2022, 7:56:49 PM] [ ERROR LOG ] : undefined 
[6/14/2022, 7:58:44 PM] [ ERROR LOG ] : undefined 
[6/14/2022, 7:58:51 PM] [ ERROR LOG ] : undefined 
[6/14/2022, 7:59:25 PM] [ ERROR LOG ] : undefined 
[6/14/2022, 7:59:35 PM] [ ERROR LOG ] : undefined 
[6/14/2022, 8:00:22 PM] [ ERROR LOG ] : undefined 
[6/14/2022, 8:00:35 PM] [ ERROR LOG ] : undefined 
[6/14/2022, 8:00:53 PM] [ ERROR LOG ] : undefined 
[6/14/2022, 8:01:07 PM] [ ERROR LOG ] : undefined 
[6/14/2022, 8:02:00 PM] [ ERROR LOG ] : undefined 
[6/14/2022, 8:02:12 PM] [ ERROR LOG ] : undefined 
[6/14/2022, 8:02:47 PM] [ ERROR LOG ] : undefined 
[6/14/2022, 8:04:50 PM] [ ERROR LOG ] : "Read from plc error" 
[6/14/2022, 8:05:31 PM] [ ERROR LOG ] : "Read from plc error" 
[6/14/2022, 8:05:51 PM] [ ERROR LOG ] : {} 
[6/14/2022, 8:05:53 PM] [ ERROR LOG ] : {} 
[6/14/2022, 8:12:59 PM] [ ERROR LOG ] : undefined 
[6/14/2022, 8:16:50 PM] [ ERROR LOG ] : {
  "source": "Plc Block Ready Error",
  "description": "Car Info Write Error"
} 
[6/14/2022, 8:17:00 PM] [ ERROR LOG ] : "Read from plc error" 
[6/14/2022, 8:24:31 PM] [ ERROR LOG ] : "Read from plc error" 
[6/14/2022, 8:32:49 PM] [ ERROR LOG ] : "Read from plc error" 
[6/14/2022, 8:37:22 PM] [ ERROR LOG ] : "Read from plc error" 
[6/14/2022, 8:49:37 PM] [ ERROR LOG ] : "Read from plc error" 
[6/14/2022, 8:49:37 PM] [ ERROR LOG ] : undefined 
[6/14/2022, 8:49:57 PM] [ ERROR LOG ] : "Read from plc error" 
[6/14/2022, 8:49:57 PM] [ ERROR LOG ] : undefined 
[6/14/2022, 8:53:10 PM] [ ERROR LOG ] : "Read from plc error" 
[6/14/2022, 8:53:10 PM] [ ERROR LOG ] : undefined 
[6/14/2022, 8:53:23 PM] [ ERROR LOG ] : undefined 
[6/14/2022, 8:53:38 PM] [ ERROR LOG ] : undefined 
[6/14/2022, 8:53:45 PM] [ ERROR LOG ] : undefined 
[6/14/2022, 8:53:59 PM] [ ERROR LOG ] : undefined 
