[6/11/2022, 10:11:36 PM] [ PLC CONFIG ] 
[
  {
    "vehicleCode": "    "
  },
  {
    "vehicleCode": "VF34"
  },
  {
    "vehicleCode": "VF8"
  },
  {
    "vehicleCode": "VF9"
  },
  {
    "vehicleCode": "    "
  },
  {
    "vehicleCode": "    "
  },
  {
    "vehicleCode": "    "
  },
  {
    "vehicleCode": "    "
  },
  {
    "vehicleCode": "    "
  },
  {
    "vehicleCode": "    "
  },
  {
    "vehicleCode": "    "
  },
  {
    "vehicleCode": "    "
  },
  {
    "vehicleCode": "    "
  },
  {
    "vehicleCode": "    "
  },
  {
    "vehicleCode": "    "
  },
  {
    "vehicleCode": "    "
  },
  {
    "vehicleCode": "    "
  },
  {
    "vehicleCode": "    "
  },
  {
    "vehicleCode": "    "
  },
  {
    "vehicleCode": "    "
  },
  {
    "vehicleCode": "    "
  }
]
[6/14/2022, 6:49:31 PM] [ PLC CONFIG ] 
[
  {
    "vehicleCode": "    "
  },
  {
    "vehicleCode": "VF34"
  },
  {
    "vehicleCode": "VF8"
  },
  {
    "vehicleCode": "VF9"
  },
  {
    "vehicleCode": "    "
  },
  {
    "vehicleCode": "    "
  },
  {
    "vehicleCode": "    "
  },
  {
    "vehicleCode": "    "
  },
  {
    "vehicleCode": "    "
  },
  {
    "vehicleCode": "    "
  },
  {
    "vehicleCode": "    "
  },
  {
    "vehicleCode": "    "
  },
  {
    "vehicleCode": "    "
  },
  {
    "vehicleCode": "    "
  },
  {
    "vehicleCode": "    "
  },
  {
    "vehicleCode": "    "
  },
  {
    "vehicleCode": "    "
  },
  {
    "vehicleCode": "    "
  },
  {
    "vehicleCode": "    "
  },
  {
    "vehicleCode": "    "
  },
  {
    "vehicleCode": "    "
  }
]
[6/14/2022, 6:49:44 PM] [ PLC CONFIG ] 
[
  {
    "vehicleCode": "    "
  },
  {
    "vehicleCode": "VF34"
  },
  {
    "vehicleCode": "VF8"
  },
  {
    "vehicleCode": "VF9"
  },
  {
    "vehicleCode": "    "
  },
  {
    "vehicleCode": "    "
  },
  {
    "vehicleCode": "    "
  },
  {
    "vehicleCode": "    "
  },
  {
    "vehicleCode": "    "
  },
  {
    "vehicleCode": "    "
  },
  {
    "vehicleCode": "    "
  },
  {
    "vehicleCode": "    "
  },
  {
    "vehicleCode": "    "
  },
  {
    "vehicleCode": "    "
  },
  {
    "vehicleCode": "    "
  },
  {
    "vehicleCode": "    "
  },
  {
    "vehicleCode": "    "
  },
  {
    "vehicleCode": "    "
  },
  {
    "vehicleCode": "    "
  },
  {
    "vehicleCode": "    "
  },
  {
    "vehicleCode": "    "
  }
]
[6/14/2022, 8:05:31 PM] [ PLC CONFIG ] 
undefined
[6/14/2022, 8:05:51 PM] [ PLC CONFIG ] 
undefined
[6/14/2022, 8:05:53 PM] [ PLC CONFIG ] 
undefined
[6/14/2022, 8:08:34 PM] [ PLC CONFIG ] 
[
  {
    "vehicleCode": "    "
  },
  {
    "vehicleCode": "VF34"
  },
  {
    "vehicleCode": "VF8"
  },
  {
    "vehicleCode": "VF9"
  },
  {
    "vehicleCode": "    "
  },
  {
    "vehicleCode": "    "
  },
  {
    "vehicleCode": "    "
  },
  {
    "vehicleCode": "    "
  },
  {
    "vehicleCode": "    "
  },
  {
    "vehicleCode": "    "
  },
  {
    "vehicleCode": "    "
  },
  {
    "vehicleCode": "    "
  },
  {
    "vehicleCode": "    "
  },
  {
    "vehicleCode": "    "
  },
  {
    "vehicleCode": "    "
  },
  {
    "vehicleCode": "    "
  },
  {
    "vehicleCode": "    "
  },
  {
    "vehicleCode": "    "
  },
  {
    "vehicleCode": "    "
  },
  {
    "vehicleCode": "    "
  },
  {
    "vehicleCode": "    "
  }
]
[6/14/2022, 8:12:11 PM] [ PLC CONFIG ] 
[
  {
    "vehicleCode": "    "
  },
  {
    "vehicleCode": "VF34"
  },
  {
    "vehicleCode": "VF8"
  },
  {
    "vehicleCode": "VF9"
  },
  {
    "vehicleCode": "    "
  },
  {
    "vehicleCode": "    "
  },
  {
    "vehicleCode": "    "
  },
  {
    "vehicleCode": "    "
  },
  {
    "vehicleCode": "    "
  },
  {
    "vehicleCode": "    "
  },
  {
    "vehicleCode": "    "
  },
  {
    "vehicleCode": "    "
  },
  {
    "vehicleCode": "    "
  },
  {
    "vehicleCode": "    "
  },
  {
    "vehicleCode": "    "
  },
  {
    "vehicleCode": "    "
  },
  {
    "vehicleCode": "    "
  },
  {
    "vehicleCode": "    "
  },
  {
    "vehicleCode": "    "
  },
  {
    "vehicleCode": "    "
  },
  {
    "vehicleCode": "    "
  }
]
[6/14/2022, 8:24:01 PM] [ PLC CONFIG ] 
[
  {
    "vehicleCode": "    "
  },
  {
    "vehicleCode": "VF34"
  },
  {
    "vehicleCode": "VF8"
  },
  {
    "vehicleCode": "VF9"
  },
  {
    "vehicleCode": "    "
  },
  {
    "vehicleCode": "    "
  },
  {
    "vehicleCode": "    "
  },
  {
    "vehicleCode": "    "
  },
  {
    "vehicleCode": "    "
  },
  {
    "vehicleCode": "    "
  },
  {
    "vehicleCode": "    "
  },
  {
    "vehicleCode": "    "
  },
  {
    "vehicleCode": "    "
  },
  {
    "vehicleCode": "    "
  },
  {
    "vehicleCode": "    "
  },
  {
    "vehicleCode": "    "
  },
  {
    "vehicleCode": "    "
  },
  {
    "vehicleCode": "    "
  },
  {
    "vehicleCode": "    "
  },
  {
    "vehicleCode": "    "
  },
  {
    "vehicleCode": "    "
  }
]
[6/14/2022, 8:35:32 PM] [ PLC CONFIG ] 
[
  {
    "vehicleCode": "    "
  },
  {
    "vehicleCode": "VF34"
  },
  {
    "vehicleCode": "VF8"
  },
  {
    "vehicleCode": "VF9"
  },
  {
    "vehicleCode": "    "
  },
  {
    "vehicleCode": "    "
  },
  {
    "vehicleCode": "    "
  },
  {
    "vehicleCode": "    "
  },
  {
    "vehicleCode": "    "
  },
  {
    "vehicleCode": "    "
  },
  {
    "vehicleCode": "    "
  },
  {
    "vehicleCode": "    "
  },
  {
    "vehicleCode": "    "
  },
  {
    "vehicleCode": "    "
  },
  {
    "vehicleCode": "    "
  },
  {
    "vehicleCode": "    "
  },
  {
    "vehicleCode": "    "
  },
  {
    "vehicleCode": "    "
  },
  {
    "vehicleCode": "    "
  },
  {
    "vehicleCode": "    "
  },
  {
    "vehicleCode": "    "
  }
]
[6/14/2022, 8:35:40 PM] [ PLC CONFIG ] 
[
  {
    "vehicleCode": "    "
  },
  {
    "vehicleCode": "VF34"
  },
  {
    "vehicleCode": "VF8"
  },
  {
    "vehicleCode": "VF9"
  },
  {
    "vehicleCode": "    "
  },
  {
    "vehicleCode": "    "
  },
  {
    "vehicleCode": "    "
  },
  {
    "vehicleCode": "    "
  },
  {
    "vehicleCode": "    "
  },
  {
    "vehicleCode": "    "
  },
  {
    "vehicleCode": "    "
  },
  {
    "vehicleCode": "    "
  },
  {
    "vehicleCode": "    "
  },
  {
    "vehicleCode": "    "
  },
  {
    "vehicleCode": "    "
  },
  {
    "vehicleCode": "    "
  },
  {
    "vehicleCode": "    "
  },
  {
    "vehicleCode": "    "
  },
  {
    "vehicleCode": "    "
  },
  {
    "vehicleCode": "    "
  },
  {
    "vehicleCode": "    "
  }
]
[6/14/2022, 8:36:50 PM] [ PLC CONFIG ] 
[
  {
    "vehicleCode": "    "
  },
  {
    "vehicleCode": "VF34"
  },
  {
    "vehicleCode": "VF8"
  },
  {
    "vehicleCode": "VF9"
  },
  {
    "vehicleCode": "    "
  },
  {
    "vehicleCode": "    "
  },
  {
    "vehicleCode": "    "
  },
  {
    "vehicleCode": "    "
  },
  {
    "vehicleCode": "    "
  },
  {
    "vehicleCode": "    "
  },
  {
    "vehicleCode": "    "
  },
  {
    "vehicleCode": "    "
  },
  {
    "vehicleCode": "    "
  },
  {
    "vehicleCode": "    "
  },
  {
    "vehicleCode": "    "
  },
  {
    "vehicleCode": "    "
  },
  {
    "vehicleCode": "    "
  },
  {
    "vehicleCode": "    "
  },
  {
    "vehicleCode": "    "
  },
  {
    "vehicleCode": "    "
  },
  {
    "vehicleCode": "    "
  }
]
[6/14/2022, 8:36:57 PM] [ PLC CONFIG ] 
[
  {
    "vehicleCode": "    "
  },
  {
    "vehicleCode": "VF34"
  },
  {
    "vehicleCode": "VF8"
  },
  {
    "vehicleCode": "VF9"
  },
  {
    "vehicleCode": "    "
  },
  {
    "vehicleCode": "    "
  },
  {
    "vehicleCode": "    "
  },
  {
    "vehicleCode": "    "
  },
  {
    "vehicleCode": "    "
  },
  {
    "vehicleCode": "    "
  },
  {
    "vehicleCode": "    "
  },
  {
    "vehicleCode": "    "
  },
  {
    "vehicleCode": "    "
  },
  {
    "vehicleCode": "    "
  },
  {
    "vehicleCode": "    "
  },
  {
    "vehicleCode": "    "
  },
  {
    "vehicleCode": "    "
  },
  {
    "vehicleCode": "    "
  },
  {
    "vehicleCode": "    "
  },
  {
    "vehicleCode": "    "
  },
  {
    "vehicleCode": "    "
  }
]
[6/14/2022, 8:49:57 PM] [ PLC CONFIG ] 
undefined
[6/14/2022, 8:52:22 PM] [ PLC CONFIG ] 
[
  {
    "vehicleCode": "    "
  },
  {
    "vehicleCode": "VF34"
  },
  {
    "vehicleCode": "VF8"
  },
  {
    "vehicleCode": "VF9"
  },
  {
    "vehicleCode": "    "
  },
  {
    "vehicleCode": "    "
  },
  {
    "vehicleCode": "    "
  },
  {
    "vehicleCode": "    "
  },
  {
    "vehicleCode": "    "
  },
  {
    "vehicleCode": "    "
  },
  {
    "vehicleCode": "    "
  },
  {
    "vehicleCode": "    "
  },
  {
    "vehicleCode": "    "
  },
  {
    "vehicleCode": "    "
  },
  {
    "vehicleCode": "    "
  },
  {
    "vehicleCode": "    "
  },
  {
    "vehicleCode": "    "
  },
  {
    "vehicleCode": "    "
  },
  {
    "vehicleCode": "    "
  },
  {
    "vehicleCode": "    "
  },
  {
    "vehicleCode": "    "
  }
]
[6/14/2022, 8:54:09 PM] [ PLC CONFIG ] 
[
  {
    "vehicleCode": "    "
  },
  {
    "vehicleCode": "VF34"
  },
  {
    "vehicleCode": "VF8"
  },
  {
    "vehicleCode": "VF9"
  },
  {
    "vehicleCode": "    "
  },
  {
    "vehicleCode": "    "
  },
  {
    "vehicleCode": "    "
  },
  {
    "vehicleCode": "    "
  },
  {
    "vehicleCode": "    "
  },
  {
    "vehicleCode": "    "
  },
  {
    "vehicleCode": "    "
  },
  {
    "vehicleCode": "    "
  },
  {
    "vehicleCode": "    "
  },
  {
    "vehicleCode": "    "
  },
  {
    "vehicleCode": "    "
  },
  {
    "vehicleCode": "    "
  },
  {
    "vehicleCode": "    "
  },
  {
    "vehicleCode": "    "
  },
  {
    "vehicleCode": "    "
  },
  {
    "vehicleCode": "    "
  },
  {
    "vehicleCode": "    "
  }
]
